# JRE version: OpenJDK Runtime Environment Temurin-17.0.4+8 (17.0.4+8) (build 17.0.4+8)
# Java VM: OpenJDK 64-Bit Server VM Temurin-17.0.4+8 (17.0.4+8, mixed mode, emulated-client, tiered, compressed oops, compressed class ptrs, g1 gc, windows-amd64)
GC Precious Log:
 CPUs: 4 total, 4 available
 Memory: 7116M
 Large Page Support: Disabled
 NUMA Support: Disabled
 Compressed Oops: Enabled (32-bit)
 Heap Region Size: 1M
 Heap Min Capacity: 8M
 Heap Initial Capacity: 112M
 Heap Max Capacity: 1780M
 Pre-touch: Disabled
 Parallel Workers: 4
 Concurrent Workers: 1
 Concurrent Refinement Workers: 4
 Periodic GC: Disabled
Heap:
 garbage-first heap   total 78848K, used 23469K [0x0000000090c00000, 0x0000000100000000)
  region size 1024K, 1 young (1024K), 0 survivors (0K)
 Metaspace       used 42178K, committed 42496K, reserved 1089536K
  class space    used 5911K, committed 6016K, reserved 1048576K
GC Heap History (20 events):
Event: 4756.722 GC heap before
{Heap before GC invocations=244 (full 208):
 garbage-first heap   total 78848K, used 23469K [0x0000000090c00000, 0x0000000100000000)
  region size 1024K, 1 young (1024K), 0 survivors (0K)
 Metaspace       used 42178K, committed 42496K, reserved 1089536K
  class space    used 5911K, committed 6016K, reserved 1048576K
}
Event: 4756.767 GC heap after
{Heap after GC invocations=245 (full 209):
 garbage-first heap   total 78848K, used 23469K [0x0000000090c00000, 0x0000000100000000)
  region size 1024K, 0 young (0K), 0 survivors (0K)
 Metaspace       used 42178K, committed 42496K, reserved 1089536K
  class space    used 5911K, committed 6016K, reserved 1048576K
}
Event: 4767.030 GC heap before
{Heap before GC invocations=245 (full 209):
 garbage-first heap   total 78848K, used 23469K [0x0000000090c00000, 0x0000000100000000)
  region size 1024K, 1 young (1024K), 0 survivors (0K)
 Metaspace       used 42178K, committed 42496K, reserved 1089536K
  class space    used 5911K, committed 6016K, reserved 1048576K
}
Event: 4767.074 GC heap after
{Heap after GC invocations=246 (full 210):
 garbage-first heap   total 78848K, used 23469K [0x0000000090c00000, 0x0000000100000000)
  region size 1024K, 0 young (0K), 0 survivors (0K)
 Metaspace       used 42178K, committed 42496K, reserved 1089536K
  class space    used 5911K, committed 6016K, reserved 1048576K
}
Event: 4778.122 GC heap before
{Heap before GC invocations=246 (full 210):
 garbage-first heap   total 78848K, used 23469K [0x0000000090c00000, 0x0000000100000000)
  region size 1024K, 1 young (1024K), 0 survivors (0K)
 Metaspace       used 42178K, committed 42496K, reserved 1089536K
  class space    used 5911K, committed 6016K, reserved 1048576K
}
Event: 4778.167 GC heap after
{Heap after GC invocations=247 (full 211):
 garbage-first heap   total 78848K, used 23469K [0x0000000090c00000, 0x0000000100000000)
  region size 1024K, 0 young (0K), 0 survivors (0K)
 Metaspace       used 42178K, committed 42496K, reserved 1089536K
  class space    used 5911K, committed 6016K, reserved 1048576K
}
Event: 4789.195 GC heap before
{Heap before GC invocations=247 (full 211):
 garbage-first heap   total 78848K, used 23469K [0x0000000090c00000, 0x0000000100000000)
  region size 1024K, 1 young (1024K), 0 survivors (0K)
 Metaspace       used 42178K, committed 42496K, reserved 1089536K
  class space    used 5911K, committed 6016K, reserved 1048576K
}
Event: 4789.240 GC heap after
{Heap after GC invocations=248 (full 212):
 garbage-first heap   total 78848K, used 23469K [0x0000000090c00000, 0x0000000100000000)
  region size 1024K, 0 young (0K), 0 survivors (0K)
 Metaspace       used 42178K, committed 42496K, reserved 1089536K
  class space    used 5911K, committed 6016K, reserved 1048576K
}
Event: 4800.073 GC heap before
{Heap before GC invocations=248 (full 212):
 garbage-first heap   total 78848K, used 23469K [0x0000000090c00000, 0x0000000100000000)
  region size 1024K, 1 young (1024K), 0 survivors (0K)
 Metaspace       used 42178K, committed 42496K, reserved 1089536K
  class space    used 5911K, committed 6016K, reserved 1048576K
}
Event: 4800.121 GC heap after
{Heap after GC invocations=249 (full 213):
 garbage-first heap   total 78848K, used 23469K [0x0000000090c00000, 0x0000000100000000)
  region size 1024K, 0 young (0K), 0 survivors (0K)
 Metaspace       used 42178K, committed 42496K, reserved 1089536K
  class space    used 5911K, committed 6016K, reserved 1048576K
}
Event: 4810.892 GC heap before
{Heap before GC invocations=249 (full 213):
 garbage-first heap   total 78848K, used 23469K [0x0000000090c00000, 0x0000000100000000)
  region size 1024K, 1 young (1024K), 0 survivors (0K)
 Metaspace       used 42178K, committed 42496K, reserved 1089536K
  class space    used 5911K, committed 6016K, reserved 1048576K
}
Event: 4810.936 GC heap after
{Heap after GC invocations=250 (full 214):
 garbage-first heap   total 78848K, used 23469K [0x0000000090c00000, 0x0000000100000000)
  region size 1024K, 0 young (0K), 0 survivors (0K)
 Metaspace       used 42178K, committed 42496K, reserved 1089536K
  class space    used 5911K, committed 6016K, reserved 1048576K
}
Event: 4824.916 GC heap before
{Heap before GC invocations=250 (full 214):
 garbage-first heap   total 78848K, used 23469K [0x0000000090c00000, 0x0000000100000000)
  region size 1024K, 1 young (1024K), 0 survivors (0K)
 Metaspace       used 42178K, committed 42496K, reserved 1089536K
  class space    used 5911K, committed 6016K, reserved 1048576K
}
Event: 4824.964 GC heap after
{Heap after GC invocations=251 (full 215):
 garbage-first heap   total 78848K, used 23469K [0x0000000090c00000, 0x0000000100000000)
  region size 1024K, 0 young (0K), 0 survivors (0K)
 Metaspace       used 42178K, committed 42496K, reserved 1089536K
  class space    used 5911K, committed 6016K, reserved 1048576K
}
Event: 4835.213 GC heap before
{Heap before GC invocations=251 (full 215):
 garbage-first heap   total 78848K, used 23469K [0x0000000090c00000, 0x0000000100000000)
  region size 1024K, 1 young (1024K), 0 survivors (0K)
 Metaspace       used 42178K, committed 42496K, reserved 1089536K
  class space    used 5911K, committed 6016K, reserved 1048576K
}
Event: 4835.258 GC heap after
{Heap after GC invocations=252 (full 216):
 garbage-first heap   total 78848K, used 23469K [0x0000000090c00000, 0x0000000100000000)
  region size 1024K, 0 young (0K), 0 survivors (0K)
 Metaspace       used 42178K, committed 42496K, reserved 1089536K
  class space    used 5911K, committed 6016K, reserved 1048576K
}
Event: 4846.208 GC heap before
{Heap before GC invocations=252 (full 216):
 garbage-first heap   total 78848K, used 23469K [0x0000000090c00000, 0x0000000100000000)
  region size 1024K, 1 young (1024K), 0 survivors (0K)
 Metaspace       used 42178K, committed 42496K, reserved 1089536K
  class space    used 5911K, committed 6016K, reserved 1048576K
}
Event: 4846.254 GC heap after
{Heap after GC invocations=253 (full 217):
 garbage-first heap   total 78848K, used 23469K [0x0000000090c00000, 0x0000000100000000)
  region size 1024K, 0 young (0K), 0 survivors (0K)
 Metaspace       used 42178K, committed 42496K, reserved 1089536K
  class space    used 5911K, committed 6016K, reserved 1048576K
}
Event: 4856.689 GC heap before
{Heap before GC invocations=253 (full 217):
 garbage-first heap   total 78848K, used 23469K [0x0000000090c00000, 0x0000000100000000)
  region size 1024K, 1 young (1024K), 0 survivors (0K)
 Metaspace       used 42178K, committed 42496K, reserved 1089536K
  class space    used 5911K, committed 6016K, reserved 1048576K
}
Event: 4856.732 GC heap after
{Heap after GC invocations=254 (full 218):
 garbage-first heap   total 78848K, used 23469K [0x0000000090c00000, 0x0000000100000000)
  region size 1024K, 0 young (0K), 0 survivors (0K)
 Metaspace       used 42178K, committed 42496K, reserved 1089536K
  class space    used 5911K, committed 6016K, reserved 1048576K
}

