# JRE version: OpenJDK Runtime Environment Temurin-17.0.3+7 (17.0.3+7) (build 17.0.3+7)
# Java VM: OpenJDK 64-Bit Server VM Temurin-17.0.3+7 (17.0.3+7, mixed mode, emulated-client, tiered, compressed oops, compressed class ptrs, g1 gc, windows-amd64)
GC Precious Log:
 CPUs: 4 total, 4 available
 Memory: 7116M
 Large Page Support: Disabled
 NUMA Support: Disabled
 Compressed Oops: Enabled (32-bit)
 Heap Region Size: 1M
 Heap Min Capacity: 8M
 Heap Initial Capacity: 112M
 Heap Max Capacity: 1780M
 Pre-touch: Disabled
 Parallel Workers: 4
 Concurrent Workers: 1
 Concurrent Refinement Workers: 4
 Periodic GC: Disabled
Heap:
 garbage-first heap   total 37888K, used 10432K [0x0000000090c00000, 0x0000000100000000)
  region size 1024K, 1 young (1024K), 0 survivors (0K)
 Metaspace       used 30359K, committed 30592K, reserved 1081344K
  class space    used 4126K, committed 4224K, reserved 1048576K
GC Heap History (20 events):
Event: 26238.097 GC heap before
{Heap before GC invocations=1421 (full 1409):
 garbage-first heap   total 37888K, used 10432K [0x0000000090c00000, 0x0000000100000000)
  region size 1024K, 1 young (1024K), 0 survivors (0K)
 Metaspace       used 30359K, committed 30592K, reserved 1081344K
  class space    used 4126K, committed 4224K, reserved 1048576K
}
Event: 26238.124 GC heap after
{Heap after GC invocations=1422 (full 1410):
 garbage-first heap   total 37888K, used 10432K [0x0000000090c00000, 0x0000000100000000)
  region size 1024K, 0 young (0K), 0 survivors (0K)
 Metaspace       used 30359K, committed 30592K, reserved 1081344K
  class space    used 4126K, committed 4224K, reserved 1048576K
}
Event: 26248.444 GC heap before
{Heap before GC invocations=1422 (full 1410):
 garbage-first heap   total 37888K, used 10432K [0x0000000090c00000, 0x0000000100000000)
  region size 1024K, 1 young (1024K), 0 survivors (0K)
 Metaspace       used 30359K, committed 30592K, reserved 1081344K
  class space    used 4126K, committed 4224K, reserved 1048576K
}
Event: 26248.470 GC heap after
{Heap after GC invocations=1423 (full 1411):
 garbage-first heap   total 37888K, used 10432K [0x0000000090c00000, 0x0000000100000000)
  region size 1024K, 0 young (0K), 0 survivors (0K)
 Metaspace       used 30359K, committed 30592K, reserved 1081344K
  class space    used 4126K, committed 4224K, reserved 1048576K
}
Event: 26261.899 GC heap before
{Heap before GC invocations=1423 (full 1411):
 garbage-first heap   total 37888K, used 10432K [0x0000000090c00000, 0x0000000100000000)
  region size 1024K, 1 young (1024K), 0 survivors (0K)
 Metaspace       used 30359K, committed 30592K, reserved 1081344K
  class space    used 4126K, committed 4224K, reserved 1048576K
}
Event: 26261.922 GC heap after
{Heap after GC invocations=1424 (full 1412):
 garbage-first heap   total 37888K, used 10432K [0x0000000090c00000, 0x0000000100000000)
  region size 1024K, 0 young (0K), 0 survivors (0K)
 Metaspace       used 30359K, committed 30592K, reserved 1081344K
  class space    used 4126K, committed 4224K, reserved 1048576K
}
Event: 26272.172 GC heap before
{Heap before GC invocations=1424 (full 1412):
 garbage-first heap   total 37888K, used 10432K [0x0000000090c00000, 0x0000000100000000)
  region size 1024K, 1 young (1024K), 0 survivors (0K)
 Metaspace       used 30359K, committed 30592K, reserved 1081344K
  class space    used 4126K, committed 4224K, reserved 1048576K
}
Event: 26272.196 GC heap after
{Heap after GC invocations=1425 (full 1413):
 garbage-first heap   total 37888K, used 10432K [0x0000000090c00000, 0x0000000100000000)
  region size 1024K, 0 young (0K), 0 survivors (0K)
 Metaspace       used 30359K, committed 30592K, reserved 1081344K
  class space    used 4126K, committed 4224K, reserved 1048576K
}
Event: 26282.924 GC heap before
{Heap before GC invocations=1425 (full 1413):
 garbage-first heap   total 37888K, used 10432K [0x0000000090c00000, 0x0000000100000000)
  region size 1024K, 1 young (1024K), 0 survivors (0K)
 Metaspace       used 30359K, committed 30592K, reserved 1081344K
  class space    used 4126K, committed 4224K, reserved 1048576K
}
Event: 26282.948 GC heap after
{Heap after GC invocations=1426 (full 1414):
 garbage-first heap   total 37888K, used 10432K [0x0000000090c00000, 0x0000000100000000)
  region size 1024K, 0 young (0K), 0 survivors (0K)
 Metaspace       used 30359K, committed 30592K, reserved 1081344K
  class space    used 4126K, committed 4224K, reserved 1048576K
}
Event: 26295.014 GC heap before
{Heap before GC invocations=1426 (full 1414):
 garbage-first heap   total 37888K, used 10432K [0x0000000090c00000, 0x0000000100000000)
  region size 1024K, 1 young (1024K), 0 survivors (0K)
 Metaspace       used 30359K, committed 30592K, reserved 1081344K
  class space    used 4126K, committed 4224K, reserved 1048576K
}
Event: 26295.039 GC heap after
{Heap after GC invocations=1427 (full 1415):
 garbage-first heap   total 37888K, used 10432K [0x0000000090c00000, 0x0000000100000000)
  region size 1024K, 0 young (0K), 0 survivors (0K)
 Metaspace       used 30359K, committed 30592K, reserved 1081344K
  class space    used 4126K, committed 4224K, reserved 1048576K
}
Event: 26305.299 GC heap before
{Heap before GC invocations=1427 (full 1415):
 garbage-first heap   total 37888K, used 10432K [0x0000000090c00000, 0x0000000100000000)
  region size 1024K, 1 young (1024K), 0 survivors (0K)
 Metaspace       used 30359K, committed 30592K, reserved 1081344K
  class space    used 4126K, committed 4224K, reserved 1048576K
}
Event: 26305.324 GC heap after
{Heap after GC invocations=1428 (full 1416):
 garbage-first heap   total 37888K, used 10432K [0x0000000090c00000, 0x0000000100000000)
  region size 1024K, 0 young (0K), 0 survivors (0K)
 Metaspace       used 30359K, committed 30592K, reserved 1081344K
  class space    used 4126K, committed 4224K, reserved 1048576K
}
Event: 26315.994 GC heap before
{Heap before GC invocations=1428 (full 1416):
 garbage-first heap   total 37888K, used 10432K [0x0000000090c00000, 0x0000000100000000)
  region size 1024K, 1 young (1024K), 0 survivors (0K)
 Metaspace       used 30359K, committed 30592K, reserved 1081344K
  class space    used 4126K, committed 4224K, reserved 1048576K
}
Event: 26316.018 GC heap after
{Heap after GC invocations=1429 (full 1417):
 garbage-first heap   total 37888K, used 10432K [0x0000000090c00000, 0x0000000100000000)
  region size 1024K, 0 young (0K), 0 survivors (0K)
 Metaspace       used 30359K, committed 30592K, reserved 1081344K
  class space    used 4126K, committed 4224K, reserved 1048576K
}
Event: 26326.245 GC heap before
{Heap before GC invocations=1429 (full 1417):
 garbage-first heap   total 37888K, used 10432K [0x0000000090c00000, 0x0000000100000000)
  region size 1024K, 1 young (1024K), 0 survivors (0K)
 Metaspace       used 30359K, committed 30592K, reserved 1081344K
  class space    used 4126K, committed 4224K, reserved 1048576K
}
Event: 26326.269 GC heap after
{Heap after GC invocations=1430 (full 1418):
 garbage-first heap   total 37888K, used 10432K [0x0000000090c00000, 0x0000000100000000)
  region size 1024K, 0 young (0K), 0 survivors (0K)
 Metaspace       used 30359K, committed 30592K, reserved 1081344K
  class space    used 4126K, committed 4224K, reserved 1048576K
}
Event: 26336.880 GC heap before
{Heap before GC invocations=1430 (full 1418):
 garbage-first heap   total 37888K, used 10432K [0x0000000090c00000, 0x0000000100000000)
  region size 1024K, 1 young (1024K), 0 survivors (0K)
 Metaspace       used 30359K, committed 30592K, reserved 1081344K
  class space    used 4126K, committed 4224K, reserved 1048576K
}
Event: 26336.904 GC heap after
{Heap after GC invocations=1431 (full 1419):
 garbage-first heap   total 37888K, used 10432K [0x0000000090c00000, 0x0000000100000000)
  region size 1024K, 0 young (0K), 0 survivors (0K)
 Metaspace       used 30359K, committed 30592K, reserved 1081344K
  class space    used 4126K, committed 4224K, reserved 1048576K
}

